2021-10-06 16:28:10,029 ~ ERROR: Message: unable to find f_name_xpath

2021-10-06 16:29:15,014 ~ INFO: KfkfkfkfkkdkH2vN92@mail.ru:6Caq4FX2pZfWG5wv
2021-10-06 16:29:30,760 ~ ERROR: Message: unable to find f_name_xpath

2021-10-06 16:30:16,440 ~ INFO: Message: captcha does`nt solved

2021-10-06 16:31:04,153 ~ INFO: Message: captcha does`nt solved

2021-10-06 16:31:54,146 ~ INFO: Message: captcha does`nt solved

2021-10-06 16:32:47,908 ~ INFO: ira_kravchenkooPNMD0o@mail.ru:4z62Xdq5eMrJQBGt
2021-10-06 16:33:03,619 ~ ERROR: Message: unable to find f_name_xpath

2021-10-06 16:34:15,713 ~ INFO: id_63I345097Oz3sJu@mail.ru:mrH3VtebKZvUcBDN
2021-10-06 16:34:46,570 ~ ERROR: Message: unable to find f_name_xpath

2021-10-06 16:35:39,021 ~ INFO: mftyu23Sbkg39@mail.ru:WwLC4udEbqUDTjXG
2021-10-06 16:36:00,115 ~ ERROR: Message: unable to find f_name_xpath

2021-10-06 16:38:18,741 ~ INFO: HowT0HackXIVh84@mail.ru:FqgQDcws5xjEreJm
2021-10-06 16:40:23,146 ~ INFO: gorbik_boLsXtYl@mail.ru:uFY3LjBgc5rvU68x
2021-10-06 16:41:31,345 ~ INFO: Gud09946pUbI@mail.ru:PYmS69CgMqHT8ZsD
2021-10-06 16:42:26,392 ~ INFO: Message: captcha does`nt solved

2021-10-06 16:42:42,122 ~ ERROR: Message: unable to find f_name_xpath

2021-10-06 16:43:23,262 ~ INFO: dolol_amori568Prccjv@mail.ru:54szwEVRfx9JGFrd
2021-10-06 16:44:25,858 ~ INFO: dimanikonov77haNEbW@mail.ru:RPTp8YgMLm4NdnA9
2021-10-06 16:44:41,712 ~ ERROR: Message: unable to find f_name_xpath

2021-10-06 16:45:42,343 ~ INFO: drnktrrrcVx2gM@mail.ru:Zj8ngLzWS9yDdfXs
2021-10-06 16:46:14,403 ~ ERROR: Message: unable to find captcha_element

2021-10-06 16:46:30,839 ~ ERROR: Message: unable to find f_name_xpath

2021-10-06 16:47:00,832 ~ ERROR: tile cannot extend outside image
2021-10-06 16:47:30,646 ~ ERROR: tile cannot extend outside image
2021-10-06 16:47:47,218 ~ ERROR: Message: unable to find f_name_xpath

2021-10-06 16:49:00,766 ~ INFO: Damir888888WZJENa@mail.ru:JBvRGrq7T2CQ6xjH
2021-10-06 16:49:31,630 ~ ERROR: Message: unable to find captcha_element

2021-10-06 16:50:21,529 ~ INFO: Message: captcha does`nt solved

2021-10-06 16:51:21,103 ~ INFO: Darrouplan2ZK9Do@mail.ru:b7NtMBEahxJrzF5d
2021-10-06 16:51:43,422 ~ ERROR: Message: unable to find f_name_xpath

2021-10-06 16:52:53,015 ~ INFO: Diesel1984eQu1bu@mail.ru:7rNxSDL9tcuKPVRU
